{"/Users/jaman/Documents/MICROVERSE DOCUMENTS/My-Todo-list/src/modules/events.js": {"path":"/Users/jaman/Documents/MICROVERSE DOCUMENTS/My-Todo-list/src/modules/events.js","statementMap":{"0":{"start":{"line":6,"column":23},"end":{"line":19,"column":1}},"1":{"start":{"line":7,"column":16},"end":{"line":7,"column":47}},"2":{"start":{"line":8,"column":13},"end":{"line":8,"column":44}},"3":{"start":{"line":9,"column":2},"end":{"line":11,"column":3}},"4":{"start":{"line":10,"column":4},"end":{"line":10,"column":19}},"5":{"start":{"line":12,"column":2},"end":{"line":17,"column":3}},"6":{"start":{"line":13,"column":4},"end":{"line":13,"column":30}},"7":{"start":{"line":14,"column":4},"end":{"line":14,"column":30}},"8":{"start":{"line":15,"column":4},"end":{"line":15,"column":23}},"9":{"start":{"line":16,"column":4},"end":{"line":16,"column":18}},"10":{"start":{"line":18,"column":2},"end":{"line":18,"column":20}},"11":{"start":{"line":21,"column":29},"end":{"line":33,"column":1}},"12":{"start":{"line":23,"column":4},"end":{"line":23,"column":72}},"13":{"start":{"line":24,"column":22},"end":{"line":24,"column":60}},"14":{"start":{"line":25,"column":16},"end":{"line":25,"column":61}},"15":{"start":{"line":26,"column":2},"end":{"line":26,"column":55}},"16":{"start":{"line":27,"column":2},"end":{"line":27,"column":68}},"17":{"start":{"line":28,"column":16},"end":{"line":28,"column":26}},"18":{"start":{"line":29,"column":2},"end":{"line":29,"column":35}},"19":{"start":{"line":30,"column":2},"end":{"line":30,"column":62}},"20":{"start":{"line":31,"column":2},"end":{"line":31,"column":36}},"21":{"start":{"line":32,"column":2},"end":{"line":32,"column":42}},"22":{"start":{"line":35,"column":24},"end":{"line":50,"column":1}},"23":{"start":{"line":36,"column":15},"end":{"line":36,"column":49}},"24":{"start":{"line":37,"column":2},"end":{"line":37,"column":56}},"25":{"start":{"line":38,"column":2},"end":{"line":38,"column":48}},"26":{"start":{"line":39,"column":2},"end":{"line":49,"column":3}},"27":{"start":{"line":40,"column":4},"end":{"line":40,"column":36}},"28":{"start":{"line":41,"column":4},"end":{"line":41,"column":38}},"29":{"start":{"line":43,"column":18},"end":{"line":43,"column":62}},"30":{"start":{"line":44,"column":28},"end":{"line":44,"column":33}},"31":{"start":{"line":45,"column":4},"end":{"line":45,"column":39}},"32":{"start":{"line":46,"column":4},"end":{"line":46,"column":37}},"33":{"start":{"line":47,"column":18},"end":{"line":47,"column":48}},"34":{"start":{"line":48,"column":4},"end":{"line":48,"column":39}},"35":{"start":{"line":52,"column":27},"end":{"line":68,"column":1}},"36":{"start":{"line":53,"column":15},"end":{"line":53,"column":50}},"37":{"start":{"line":54,"column":2},"end":{"line":58,"column":3}},"38":{"start":{"line":55,"column":4},"end":{"line":56,"column":56}},"39":{"start":{"line":57,"column":4},"end":{"line":57,"column":11}},"40":{"start":{"line":59,"column":2},"end":{"line":67,"column":3}},"41":{"start":{"line":60,"column":4},"end":{"line":60,"column":33}},"42":{"start":{"line":61,"column":4},"end":{"line":61,"column":58}},"43":{"start":{"line":62,"column":4},"end":{"line":62,"column":62}},"44":{"start":{"line":63,"column":4},"end":{"line":63,"column":54}},"45":{"start":{"line":64,"column":25},"end":{"line":64,"column":66}},"46":{"start":{"line":65,"column":18},"end":{"line":65,"column":64}},"47":{"start":{"line":66,"column":4},"end":{"line":66,"column":59}},"48":{"start":{"line":70,"column":31},"end":{"line":78,"column":1}},"49":{"start":{"line":71,"column":25},"end":{"line":71,"column":63}},"50":{"start":{"line":72,"column":2},"end":{"line":72,"column":62}},"51":{"start":{"line":72,"column":47},"end":{"line":72,"column":60}},"52":{"start":{"line":73,"column":2},"end":{"line":73,"column":29}},"53":{"start":{"line":74,"column":2},"end":{"line":77,"column":3}},"54":{"start":{"line":75,"column":15},"end":{"line":75,"column":46}},"55":{"start":{"line":76,"column":4},"end":{"line":76,"column":27}}},"fnMap":{"0":{"name":"(anonymous_0)","decl":{"start":{"line":6,"column":23},"end":{"line":6,"column":24}},"loc":{"start":{"line":6,"column":40},"end":{"line":19,"column":1}},"line":6},"1":{"name":"(anonymous_1)","decl":{"start":{"line":21,"column":29},"end":{"line":21,"column":30}},"loc":{"start":{"line":21,"column":46},"end":{"line":33,"column":1}},"line":21},"2":{"name":"(anonymous_2)","decl":{"start":{"line":35,"column":24},"end":{"line":35,"column":25}},"loc":{"start":{"line":35,"column":41},"end":{"line":50,"column":1}},"line":35},"3":{"name":"(anonymous_3)","decl":{"start":{"line":52,"column":27},"end":{"line":52,"column":28}},"loc":{"start":{"line":52,"column":44},"end":{"line":68,"column":1}},"line":52},"4":{"name":"(anonymous_4)","decl":{"start":{"line":70,"column":31},"end":{"line":70,"column":32}},"loc":{"start":{"line":70,"column":41},"end":{"line":78,"column":1}},"line":70},"5":{"name":"(anonymous_5)","decl":{"start":{"line":72,"column":37},"end":{"line":72,"column":38}},"loc":{"start":{"line":72,"column":47},"end":{"line":72,"column":60}},"line":72}},"branchMap":{"0":{"loc":{"start":{"line":9,"column":2},"end":{"line":11,"column":3}},"type":"if","locations":[{"start":{"line":9,"column":2},"end":{"line":11,"column":3}},{"start":{},"end":{}}],"line":9},"1":{"loc":{"start":{"line":12,"column":2},"end":{"line":17,"column":3}},"type":"if","locations":[{"start":{"line":12,"column":2},"end":{"line":17,"column":3}},{"start":{},"end":{}}],"line":12},"2":{"loc":{"start":{"line":12,"column":6},"end":{"line":12,"column":52}},"type":"binary-expr","locations":[{"start":{"line":12,"column":6},"end":{"line":12,"column":26}},{"start":{"line":12,"column":30},"end":{"line":12,"column":52}}],"line":12},"3":{"loc":{"start":{"line":39,"column":2},"end":{"line":49,"column":3}},"type":"if","locations":[{"start":{"line":39,"column":2},"end":{"line":49,"column":3}},{"start":{"line":42,"column":9},"end":{"line":49,"column":3}}],"line":39},"4":{"loc":{"start":{"line":54,"column":2},"end":{"line":58,"column":3}},"type":"if","locations":[{"start":{"line":54,"column":2},"end":{"line":58,"column":3}},{"start":{},"end":{}}],"line":54},"5":{"loc":{"start":{"line":59,"column":2},"end":{"line":67,"column":3}},"type":"if","locations":[{"start":{"line":59,"column":2},"end":{"line":67,"column":3}},{"start":{},"end":{}}],"line":59},"6":{"loc":{"start":{"line":74,"column":2},"end":{"line":77,"column":3}},"type":"if","locations":[{"start":{"line":74,"column":2},"end":{"line":77,"column":3}},{"start":{},"end":{}}],"line":74}},"s":{"0":1,"1":25,"2":25,"3":25,"4":25,"5":0,"6":0,"7":0,"8":0,"9":0,"10":0,"11":1,"12":2,"13":2,"14":2,"15":2,"16":2,"17":2,"18":2,"19":2,"20":2,"21":2,"22":1,"23":2,"24":2,"25":2,"26":2,"27":1,"28":1,"29":1,"30":1,"31":1,"32":1,"33":1,"34":1,"35":1,"36":0,"37":0,"38":0,"39":0,"40":0,"41":0,"42":0,"43":0,"44":0,"45":0,"46":0,"47":0,"48":1,"49":1,"50":1,"51":1,"52":1,"53":1,"54":0,"55":0},"f":{"0":25,"1":2,"2":2,"3":0,"4":1,"5":1},"b":{"0":[25,0],"1":[0,0],"2":[0,0],"3":[1,1],"4":[0,0],"5":[0,0],"6":[0,1]},"_coverageSchema":"1a1c01bbd47fc00a2c39e90264f33305004495a9","hash":"b9a5d079ed63344ff021cd59c272ca3df72df0a6"}
,"/Users/jaman/Documents/MICROVERSE DOCUMENTS/My-Todo-list/src/modules/functions.js": {"path":"/Users/jaman/Documents/MICROVERSE DOCUMENTS/My-Todo-list/src/modules/functions.js","statementMap":{"0":{"start":{"line":2,"column":24},"end":{"line":2,"column":60}},"1":{"start":{"line":2,"column":30},"end":{"line":2,"column":60}},"2":{"start":{"line":3,"column":30},"end":{"line":10,"column":1}},"3":{"start":{"line":4,"column":2},"end":{"line":4,"column":52}},"4":{"start":{"line":4,"column":45},"end":{"line":4,"column":52}},"5":{"start":{"line":5,"column":2},"end":{"line":5,"column":37}},"6":{"start":{"line":6,"column":2},"end":{"line":6,"column":35}},"7":{"start":{"line":7,"column":15},"end":{"line":7,"column":31}},"8":{"start":{"line":8,"column":2},"end":{"line":8,"column":60}},"9":{"start":{"line":9,"column":2},"end":{"line":9,"column":52}},"10":{"start":{"line":11,"column":28},"end":{"line":23,"column":1}},"11":{"start":{"line":12,"column":2},"end":{"line":14,"column":3}},"12":{"start":{"line":13,"column":4},"end":{"line":13,"column":11}},"13":{"start":{"line":15,"column":15},"end":{"line":15,"column":25}},"14":{"start":{"line":16,"column":13},"end":{"line":16,"column":44}},"15":{"start":{"line":17,"column":2},"end":{"line":19,"column":3}},"16":{"start":{"line":18,"column":4},"end":{"line":18,"column":27}},"17":{"start":{"line":20,"column":2},"end":{"line":22,"column":5}},"18":{"start":{"line":21,"column":4},"end":{"line":21,"column":28}}},"fnMap":{"0":{"name":"(anonymous_0)","decl":{"start":{"line":2,"column":24},"end":{"line":2,"column":25}},"loc":{"start":{"line":2,"column":30},"end":{"line":2,"column":60}},"line":2},"1":{"name":"(anonymous_1)","decl":{"start":{"line":3,"column":30},"end":{"line":3,"column":31}},"loc":{"start":{"line":3,"column":40},"end":{"line":10,"column":1}},"line":3},"2":{"name":"(anonymous_2)","decl":{"start":{"line":11,"column":28},"end":{"line":11,"column":29}},"loc":{"start":{"line":11,"column":42},"end":{"line":23,"column":1}},"line":11},"3":{"name":"(anonymous_3)","decl":{"start":{"line":20,"column":15},"end":{"line":20,"column":16}},"loc":{"start":{"line":20,"column":25},"end":{"line":22,"column":3}},"line":20}},"branchMap":{"0":{"loc":{"start":{"line":4,"column":2},"end":{"line":4,"column":52}},"type":"if","locations":[{"start":{"line":4,"column":2},"end":{"line":4,"column":52}},{"start":{},"end":{}}],"line":4},"1":{"loc":{"start":{"line":12,"column":2},"end":{"line":14,"column":3}},"type":"if","locations":[{"start":{"line":12,"column":2},"end":{"line":14,"column":3}},{"start":{},"end":{}}],"line":12},"2":{"loc":{"start":{"line":17,"column":2},"end":{"line":19,"column":3}},"type":"if","locations":[{"start":{"line":17,"column":2},"end":{"line":19,"column":3}},{"start":{},"end":{}}],"line":17}},"s":{"0":1,"1":2,"2":1,"3":2,"4":2,"5":0,"6":0,"7":0,"8":0,"9":0,"10":1,"11":0,"12":0,"13":0,"14":0,"15":0,"16":0,"17":0,"18":0},"f":{"0":2,"1":2,"2":0,"3":0},"b":{"0":[2,0],"1":[0,0],"2":[0,0]},"_coverageSchema":"1a1c01bbd47fc00a2c39e90264f33305004495a9","hash":"e9dd424c072c655f31c9e367c661bb9a2072f6cd"}
,"/Users/jaman/Documents/MICROVERSE DOCUMENTS/My-Todo-list/src/modules/removeTask.js": {"path":"/Users/jaman/Documents/MICROVERSE DOCUMENTS/My-Todo-list/src/modules/removeTask.js","statementMap":{"0":{"start":{"line":1,"column":24},"end":{"line":7,"column":1}},"1":{"start":{"line":2,"column":2},"end":{"line":2,"column":25}},"2":{"start":{"line":3,"column":2},"end":{"line":5,"column":3}},"3":{"start":{"line":4,"column":4},"end":{"line":4,"column":40}},"4":{"start":{"line":6,"column":2},"end":{"line":6,"column":16}}},"fnMap":{"0":{"name":"(anonymous_0)","decl":{"start":{"line":1,"column":24},"end":{"line":1,"column":25}},"loc":{"start":{"line":1,"column":47},"end":{"line":7,"column":1}},"line":1}},"branchMap":{"0":{"loc":{"start":{"line":3,"column":2},"end":{"line":5,"column":3}},"type":"if","locations":[{"start":{"line":3,"column":2},"end":{"line":5,"column":3}},{"start":{},"end":{}}],"line":3}},"s":{"0":1,"1":1,"2":1,"3":0,"4":1},"f":{"0":1},"b":{"0":[0,1]},"_coverageSchema":"1a1c01bbd47fc00a2c39e90264f33305004495a9","hash":"1f97913d3b90ba23f0e14ac267b1e3bf9f410af4"}
,"/Users/jaman/Documents/MICROVERSE DOCUMENTS/My-Todo-list/src/modules/taskList.js": {"path":"/Users/jaman/Documents/MICROVERSE DOCUMENTS/My-Todo-list/src/modules/taskList.js","statementMap":{"0":{"start":{"line":6,"column":4},"end":{"line":6,"column":23}},"1":{"start":{"line":10,"column":26},"end":{"line":10,"column":57}},"2":{"start":{"line":11,"column":18},"end":{"line":11,"column":51}},"3":{"start":{"line":12,"column":15},"end":{"line":12,"column":43}},"4":{"start":{"line":13,"column":4},"end":{"line":13,"column":26}},"5":{"start":{"line":14,"column":21},"end":{"line":14,"column":52}},"6":{"start":{"line":15,"column":4},"end":{"line":15,"column":31}},"7":{"start":{"line":16,"column":4},"end":{"line":16,"column":36}},"8":{"start":{"line":17,"column":4},"end":{"line":17,"column":79}},"9":{"start":{"line":17,"column":51},"end":{"line":17,"column":77}},"10":{"start":{"line":18,"column":17},"end":{"line":18,"column":48}},"11":{"start":{"line":19,"column":4},"end":{"line":19,"column":35}},"12":{"start":{"line":20,"column":4},"end":{"line":20,"column":29}},"13":{"start":{"line":21,"column":4},"end":{"line":21,"column":25}},"14":{"start":{"line":22,"column":4},"end":{"line":22,"column":25}},"15":{"start":{"line":23,"column":4},"end":{"line":23,"column":74}},"16":{"start":{"line":23,"column":48},"end":{"line":23,"column":72}},"17":{"start":{"line":24,"column":26},"end":{"line":24,"column":56}},"18":{"start":{"line":25,"column":4},"end":{"line":25,"column":47}},"19":{"start":{"line":26,"column":17},"end":{"line":26,"column":44}},"20":{"start":{"line":27,"column":4},"end":{"line":27,"column":59}},"21":{"start":{"line":28,"column":4},"end":{"line":28,"column":36}},"22":{"start":{"line":29,"column":4},"end":{"line":29,"column":78}},"23":{"start":{"line":29,"column":55},"end":{"line":29,"column":76}},"24":{"start":{"line":30,"column":4},"end":{"line":30,"column":29}},"25":{"start":{"line":31,"column":4},"end":{"line":31,"column":25}},"26":{"start":{"line":32,"column":4},"end":{"line":32,"column":34}},"27":{"start":{"line":33,"column":4},"end":{"line":33,"column":34}},"28":{"start":{"line":34,"column":4},"end":{"line":34,"column":17}},"29":{"start":{"line":38,"column":18},"end":{"line":38,"column":46}},"30":{"start":{"line":39,"column":4},"end":{"line":39,"column":65}},"31":{"start":{"line":40,"column":4},"end":{"line":40,"column":72}},"32":{"start":{"line":44,"column":18},"end":{"line":44,"column":51}},"33":{"start":{"line":45,"column":23},"end":{"line":45,"column":61}},"34":{"start":{"line":46,"column":4},"end":{"line":50,"column":7}},"35":{"start":{"line":51,"column":4},"end":{"line":51,"column":72}},"36":{"start":{"line":52,"column":4},"end":{"line":54,"column":5}},"37":{"start":{"line":53,"column":6},"end":{"line":53,"column":36}},"38":{"start":{"line":58,"column":4},"end":{"line":58,"column":45}},"39":{"start":{"line":62,"column":4},"end":{"line":62,"column":35}},"40":{"start":{"line":63,"column":4},"end":{"line":67,"column":8}},"41":{"start":{"line":63,"column":52},"end":{"line":67,"column":5}},"42":{"start":{"line":69,"column":4},"end":{"line":69,"column":72}},"43":{"start":{"line":73,"column":4},"end":{"line":73,"column":45}},"44":{"start":{"line":74,"column":4},"end":{"line":74,"column":72}},"45":{"start":{"line":78,"column":4},"end":{"line":78,"column":77}},"46":{"start":{"line":78,"column":51},"end":{"line":78,"column":75}},"47":{"start":{"line":79,"column":4},"end":{"line":83,"column":8}},"48":{"start":{"line":79,"column":52},"end":{"line":83,"column":5}},"49":{"start":{"line":84,"column":4},"end":{"line":84,"column":72}},"50":{"start":{"line":87,"column":17},"end":{"line":87,"column":31}}},"fnMap":{"0":{"name":"(anonymous_0)","decl":{"start":{"line":5,"column":2},"end":{"line":5,"column":3}},"loc":{"start":{"line":5,"column":16},"end":{"line":7,"column":3}},"line":5},"1":{"name":"(anonymous_1)","decl":{"start":{"line":9,"column":2},"end":{"line":9,"column":3}},"loc":{"start":{"line":9,"column":26},"end":{"line":35,"column":3}},"line":9},"2":{"name":"(anonymous_2)","decl":{"start":{"line":17,"column":40},"end":{"line":17,"column":41}},"loc":{"start":{"line":17,"column":51},"end":{"line":17,"column":77}},"line":17},"3":{"name":"(anonymous_3)","decl":{"start":{"line":23,"column":37},"end":{"line":23,"column":38}},"loc":{"start":{"line":23,"column":48},"end":{"line":23,"column":72}},"line":23},"4":{"name":"(anonymous_4)","decl":{"start":{"line":29,"column":44},"end":{"line":29,"column":45}},"loc":{"start":{"line":29,"column":55},"end":{"line":29,"column":76}},"line":29},"5":{"name":"(anonymous_5)","decl":{"start":{"line":37,"column":2},"end":{"line":37,"column":3}},"loc":{"start":{"line":37,"column":23},"end":{"line":41,"column":3}},"line":37},"6":{"name":"(anonymous_6)","decl":{"start":{"line":43,"column":2},"end":{"line":43,"column":3}},"loc":{"start":{"line":43,"column":17},"end":{"line":55,"column":3}},"line":43},"7":{"name":"(anonymous_7)","decl":{"start":{"line":57,"column":2},"end":{"line":57,"column":3}},"loc":{"start":{"line":57,"column":31},"end":{"line":59,"column":3}},"line":57},"8":{"name":"(anonymous_8)","decl":{"start":{"line":61,"column":2},"end":{"line":61,"column":3}},"loc":{"start":{"line":61,"column":20},"end":{"line":70,"column":3}},"line":61},"9":{"name":"(anonymous_9)","decl":{"start":{"line":63,"column":38},"end":{"line":63,"column":39}},"loc":{"start":{"line":63,"column":52},"end":{"line":67,"column":5}},"line":63},"10":{"name":"(anonymous_10)","decl":{"start":{"line":72,"column":2},"end":{"line":72,"column":3}},"loc":{"start":{"line":72,"column":39},"end":{"line":75,"column":3}},"line":72},"11":{"name":"(anonymous_11)","decl":{"start":{"line":77,"column":2},"end":{"line":77,"column":3}},"loc":{"start":{"line":77,"column":24},"end":{"line":85,"column":3}},"line":77},"12":{"name":"(anonymous_12)","decl":{"start":{"line":78,"column":41},"end":{"line":78,"column":42}},"loc":{"start":{"line":78,"column":51},"end":{"line":78,"column":75}},"line":78},"13":{"name":"(anonymous_13)","decl":{"start":{"line":79,"column":38},"end":{"line":79,"column":39}},"loc":{"start":{"line":79,"column":52},"end":{"line":83,"column":5}},"line":79}},"branchMap":{"0":{"loc":{"start":{"line":52,"column":4},"end":{"line":54,"column":5}},"type":"if","locations":[{"start":{"line":52,"column":4},"end":{"line":54,"column":5}},{"start":{},"end":{}}],"line":52}},"s":{"0":1,"1":25,"2":25,"3":25,"4":25,"5":25,"6":25,"7":25,"8":25,"9":0,"10":25,"11":25,"12":25,"13":25,"14":25,"15":25,"16":0,"17":25,"18":25,"19":25,"20":25,"21":25,"22":25,"23":0,"24":25,"25":25,"26":25,"27":25,"28":25,"29":25,"30":25,"31":25,"32":0,"33":0,"34":0,"35":0,"36":0,"37":0,"38":2,"39":1,"40":1,"41":6,"42":1,"43":0,"44":0,"45":1,"46":12,"47":1,"48":11,"49":1,"50":1},"f":{"0":1,"1":25,"2":0,"3":0,"4":0,"5":25,"6":0,"7":2,"8":1,"9":6,"10":0,"11":1,"12":12,"13":11},"b":{"0":[0,0]},"_coverageSchema":"1a1c01bbd47fc00a2c39e90264f33305004495a9","hash":"d7a7f1d0ea7c9fed148d8ab6a2e2106788c6c70b"}
,"/Users/jaman/Documents/MICROVERSE DOCUMENTS/My-Todo-list/unit-tests/mocks/docMock.js": {"path":"/Users/jaman/Documents/MICROVERSE DOCUMENTS/My-Todo-list/unit-tests/mocks/docMock.js","statementMap":{"0":{"start":{"line":1,"column":22},"end":{"line":17,"column":1}},"1":{"start":{"line":2,"column":2},"end":{"line":16,"column":6}}},"fnMap":{"0":{"name":"(anonymous_0)","decl":{"start":{"line":1,"column":22},"end":{"line":1,"column":23}},"loc":{"start":{"line":1,"column":28},"end":{"line":17,"column":1}},"line":1}},"branchMap":{},"s":{"0":1,"1":5},"f":{"0":5},"b":{},"_coverageSchema":"1a1c01bbd47fc00a2c39e90264f33305004495a9","hash":"cc2e4da4557260c7d5dd50d615ad5eae82376b05"}
}
